<?xml version="1.0" encoding="UTF-8"?>
<testsuite xmlns:xsi="http://www.w3.org/2001/XMLSchema-instance" xsi:noNamespaceSchemaLocation="https://maven.apache.org/surefire/maven-surefire-plugin/xsd/surefire-test-report-3.0.xsd" version="3.0" name="com.acme.salarymanagement.acceptance.CapabilityAcceptanceServiceTest" time="3.321" tests="3" errors="0" skipped="0" failures="0">
  <properties>
[...]
</properties>
  <testcase name="rejectsDuplicateEmployeeIdentifierWithoutSaving" classname="com.acme.salarymanagement.acceptance.CapabilityAcceptanceServiceTest" time="3.166"/>
  <testcase name="rejectsOverlappingCompensationPeriod" classname="com.acme.salarymanagement.acceptance.CapabilityAcceptanceServiceTest" time="0.066"/>
  <testcase name="rejectsUnsupportedImportFilesBeforeCreatingBatch" classname="com.acme.salarymanagement.acceptance.CapabilityAcceptanceServiceTest" time="0.049"/>
</testsuite>